f:\softdevelop\cplus\vcproject2013\httpsourceviewer\httpsourceviewer\debug\httpsourceviewer.pch
f:\softdevelop\cplus\vcproject2013\httpsourceviewer\httpsourceviewer\debug\vc141.pdb
f:\softdevelop\cplus\vcproject2013\httpsourceviewer\httpsourceviewer\debug\vc141.idb
f:\softdevelop\cplus\vcproject2013\httpsourceviewer\httpsourceviewer\debug\stdafx.obj
f:\softdevelop\cplus\vcproject2013\httpsourceviewer\httpsourceviewer\debug\tabhtmlhead.obj
f:\softdevelop\cplus\vcproject2013\httpsourceviewer\httpsourceviewer\debug\tabhtmlget.obj
f:\softdevelop\cplus\vcproject2013\httpsourceviewer\httpsourceviewer\debug\tabhtmlbody.obj
f:\softdevelop\cplus\vcproject2013\httpsourceviewer\httpsourceviewer\debug\regexpstrategyinterface.obj
f:\softdevelop\cplus\vcproject2013\httpsourceviewer\httpsourceviewer\debug\regexpboost.obj
f:\softdevelop\cplus\vcproject2013\httpsourceviewer\httpsourceviewer\debug\httpsourceviewerdlg.obj
f:\softdevelop\cplus\vcproject2013\httpsourceviewer\httpsourceviewer\debug\httpsourceviewer.obj
f:\softdevelop\cplus\vcproject2013\httpsourceviewer\httpsourceviewer\debug\cregexpcontext.obj
f:\softdevelop\cplus\vcproject2013\httpsourceviewer\httpsourceviewer\debug\cregexpatl.obj
f:\softdevelop\cplus\vcproject2013\httpsourceviewer\debug\httpsourceviewer.ilk
f:\softdevelop\cplus\vcproject2013\httpsourceviewer\debug\httpsourceviewer.exe
f:\softdevelop\cplus\vcproject2013\httpsourceviewer\debug\httpsourceviewer.pdb
f:\softdevelop\cplus\vcproject2013\httpsourceviewer\httpsourceviewer\debug\httpsourceviewer.res
f:\softdevelop\cplus\vcproject2013\httpsourceviewer\httpsourceviewer\debug\httpsourceviewer.tlog\cl.command.1.tlog
f:\softdevelop\cplus\vcproject2013\httpsourceviewer\httpsourceviewer\debug\httpsourceviewer.tlog\cl.read.1.tlog
f:\softdevelop\cplus\vcproject2013\httpsourceviewer\httpsourceviewer\debug\httpsourceviewer.tlog\cl.write.1.tlog
f:\softdevelop\cplus\vcproject2013\httpsourceviewer\httpsourceviewer\debug\httpsourceviewer.tlog\link.command.1.tlog
f:\softdevelop\cplus\vcproject2013\httpsourceviewer\httpsourceviewer\debug\httpsourceviewer.tlog\link.read.1.tlog
f:\softdevelop\cplus\vcproject2013\httpsourceviewer\httpsourceviewer\debug\httpsourceviewer.tlog\link.write.1.tlog
f:\softdevelop\cplus\vcproject2013\httpsourceviewer\httpsourceviewer\debug\httpsourceviewer.tlog\rc.command.1.tlog
f:\softdevelop\cplus\vcproject2013\httpsourceviewer\httpsourceviewer\debug\httpsourceviewer.tlog\rc.read.1.tlog
f:\softdevelop\cplus\vcproject2013\httpsourceviewer\httpsourceviewer\debug\httpsourceviewer.tlog\rc.write.1.tlog
